23:07:38.229 [DEBUG] [org.gradle.launcher.daemon.bootstrap.DaemonMain] Assuming the daemon was started with following jvm opts: [-XX:+HeapDumpOnOutOfMemoryError, -Xmx1024m, -Dfile.encoding=UTF-8, -Duser.country, -Duser.language=en, -Duser.variant]
23:07:38.552 [INFO] [org.gradle.launcher.daemon.server.Daemon] start() called on daemon - DefaultDaemonContext[uid=3d9cbc79-bd22-48dc-8c13-f78ab3f69f2e,javaHome=/opt/jdk1.8.0_172,daemonRegistryDir=/app/cache/daemon,pid=28,idleTimeout=10800000,daemonOpts=-XX:+HeapDumpOnOutOfMemoryError,-Xmx1024m,-Dfile.encoding=UTF-8,-Duser.country,-Duser.language=en,-Duser.variant]
23:07:38.600 [DEBUG] [org.gradle.internal.remote.internal.inet.InetAddresses] Adding IP addresses for network interface eth0
23:07:38.609 [DEBUG] [org.gradle.internal.remote.internal.inet.InetAddresses] Is this a loopback interface? false
23:07:38.612 [DEBUG] [org.gradle.internal.remote.internal.inet.InetAddresses] Is this a multicast interface? true
23:07:38.615 [DEBUG] [org.gradle.internal.remote.internal.inet.InetAddresses] Adding remote address /172.18.0.6
23:07:38.619 [DEBUG] [org.gradle.internal.remote.internal.inet.InetAddresses] Adding remote multicast interface eth0
23:07:38.623 [DEBUG] [org.gradle.internal.remote.internal.inet.InetAddresses] Adding IP addresses for network interface lo
23:07:38.632 [DEBUG] [org.gradle.internal.remote.internal.inet.InetAddresses] Is this a loopback interface? true
23:07:38.636 [DEBUG] [org.gradle.internal.remote.internal.inet.InetAddresses] Is this a multicast interface? false
23:07:38.639 [DEBUG] [org.gradle.internal.remote.internal.inet.InetAddresses] Adding loopback address /127.0.0.1
23:07:38.646 [DEBUG] [org.gradle.internal.remote.internal.inet.TcpIncomingConnector] Listening on [6563b745-986d-49db-beb9-2fe024cf1370 port:42785, addresses:[/127.0.0.1]].
23:07:38.674 [DEBUG] [org.gradle.launcher.daemon.server.Daemon] Daemon starting at: Sun May 20 23:07:38 GMT 2018, with address: [6563b745-986d-49db-beb9-2fe024cf1370 port:42785, addresses:[/127.0.0.1]]
23:07:38.682 [INFO] [org.gradle.launcher.daemon.server.DaemonRegistryUpdater] Advertising the daemon address to the clients: [6563b745-986d-49db-beb9-2fe024cf1370 port:42785, addresses:[/127.0.0.1]]
23:07:38.688 [DEBUG] [org.gradle.launcher.daemon.server.DaemonRegistryUpdater] Advertised daemon context: DefaultDaemonContext[uid=3d9cbc79-bd22-48dc-8c13-f78ab3f69f2e,javaHome=/opt/jdk1.8.0_172,daemonRegistryDir=/app/cache/daemon,pid=28,idleTimeout=10800000,daemonOpts=-XX:+HeapDumpOnOutOfMemoryError,-Xmx1024m,-Dfile.encoding=UTF-8,-Duser.country,-Duser.language=en,-Duser.variant]
23:07:38.694 [DEBUG] [org.gradle.launcher.daemon.registry.PersistentDaemonRegistry] Storing daemon address: [6563b745-986d-49db-beb9-2fe024cf1370 port:42785, addresses:[/127.0.0.1]], context: DefaultDaemonContext[uid=3d9cbc79-bd22-48dc-8c13-f78ab3f69f2e,javaHome=/opt/jdk1.8.0_172,daemonRegistryDir=/app/cache/daemon,pid=28,idleTimeout=10800000,daemonOpts=-XX:+HeapDumpOnOutOfMemoryError,-Xmx1024m,-Dfile.encoding=UTF-8,-Duser.country,-Duser.language=en,-Duser.variant]
23:07:38.763 [DEBUG] [org.gradle.cache.internal.DefaultFileLockManager] Waiting to acquire exclusive lock on daemon addresses registry.
23:07:38.778 [DEBUG] [org.gradle.cache.internal.DefaultFileLockManager] Lock acquired on daemon addresses registry.
23:07:38.801 [DEBUG] [org.gradle.cache.internal.DefaultFileLockManager] Releasing lock on daemon addresses registry.
23:07:38.806 [LIFECYCLE] [org.gradle.launcher.daemon.server.Daemon] Daemon server started.
23:07:38.818 [DEBUG] [org.gradle.launcher.daemon.bootstrap.DaemonStartupCommunication] Completed writing the daemon greeting. Closing streams...
23:07:38.844 [DEBUG] [org.gradle.internal.remote.internal.inet.TcpIncomingConnector] Accepted connection from /127.0.0.1:37378 to /127.0.0.1:42785.
23:07:38.876 [DEBUG] [org.gradle.launcher.daemon.server.Daemon] stopOnExpiration() called on daemon
23:07:38.904 [DEBUG] [org.gradle.launcher.daemon.server.Daemon] awaitExpiration() called on daemon
23:07:38.911 [DEBUG] [org.gradle.launcher.daemon.server.DaemonStateCoordinator] daemon is running. Sleeping until state changes.
23:07:39.387 [DEBUG] [org.gradle.launcher.daemon.server.SynchronizedDispatchConnection] thread 14: received class org.gradle.launcher.daemon.protocol.Build
23:07:39.396 [DEBUG] [org.gradle.launcher.daemon.server.DefaultDaemonConnection] thread 14: Received non-IO message from client: Build{id=98e5e1d7-e86f-4f5a-b918-9f162468f1d7.1, currentDir=/app}
23:07:39.408 [INFO] [org.gradle.launcher.daemon.server.DefaultIncomingConnectionHandler] Received command: Build{id=98e5e1d7-e86f-4f5a-b918-9f162468f1d7.1, currentDir=/app}.
23:07:39.411 [DEBUG] [org.gradle.launcher.daemon.server.DefaultIncomingConnectionHandler] Starting executing command: Build{id=98e5e1d7-e86f-4f5a-b918-9f162468f1d7.1, currentDir=/app} with connection: socket connection from /127.0.0.1:42785 to /127.0.0.1:37378.
23:07:39.430 [ERROR] [org.gradle.launcher.daemon.server.DaemonStateCoordinator] Command execution: started DaemonCommandExecution[command = Build{id=98e5e1d7-e86f-4f5a-b918-9f162468f1d7.1, currentDir=/app}, connection = DefaultDaemonConnection: socket connection from /127.0.0.1:42785 to /127.0.0.1:37378] after 0.0 minutes of idle
23:07:39.441 [INFO] [org.gradle.launcher.daemon.server.DaemonRegistryUpdater] Marking the daemon as busy, address: [6563b745-986d-49db-beb9-2fe024cf1370 port:42785, addresses:[/127.0.0.1]]
23:07:39.445 [DEBUG] [org.gradle.launcher.daemon.registry.PersistentDaemonRegistry] Marking busy by address: [6563b745-986d-49db-beb9-2fe024cf1370 port:42785, addresses:[/127.0.0.1]]
23:07:39.472 [DEBUG] [org.gradle.cache.internal.DefaultFileLockManager] Waiting to acquire exclusive lock on daemon addresses registry.
23:07:39.479 [DEBUG] [org.gradle.cache.internal.DefaultFileLockManager] Lock acquired on daemon addresses registry.
23:07:39.501 [DEBUG] [org.gradle.cache.internal.DefaultFileLockManager] Releasing lock on daemon addresses registry.
23:07:39.510 [DEBUG] [org.gradle.launcher.daemon.server.DaemonStateCoordinator] resetting idle timer
23:07:39.513 [DEBUG] [org.gradle.launcher.daemon.server.DaemonStateCoordinator] daemon is running. Sleeping until state changes.
23:07:39.524 [INFO] [org.gradle.launcher.daemon.server.exec.StartBuildOrRespondWithBusy] Daemon is about to start building Build{id=98e5e1d7-e86f-4f5a-b918-9f162468f1d7.1, currentDir=/app}. Dispatching build started information...
23:07:39.528 [DEBUG] [org.gradle.launcher.daemon.server.SynchronizedDispatchConnection] thread 16: dispatching class org.gradle.launcher.daemon.protocol.BuildStarted
23:07:39.560 [DEBUG] [org.gradle.launcher.daemon.server.exec.EstablishBuildEnvironment] Configuring env variables: {PATH=/usr/local/sbin:/usr/local/bin:/usr/sbin:/usr/bin:/sbin:/bin:/opt/jdk/bin, JAVA_JCE=unlimited, SPRING_PROFILES_ACTIVE=dev, JAVA_HOME=/opt/jdk, OLDPWD=/app, GLIBC_VERSION=2.27-r0, LANG=C.UTF-8, JAVA_VERSION_MAJOR=8, GRADLE_USER_HOME=cache, HOSTNAME=7cd2272a849f, GLIBC_REPO=https://github.com/sgerrand/alpine-pkg-glibc, JAVA_VERSION_MINOR=172, PWD=/app, JAVA_PACKAGE=jdk, JAVA_VERSION_BUILD=11, HOME=/root, SHLVL=1}
23:07:39.605 [DEBUG] [org.gradle.launcher.daemon.server.SynchronizedDispatchConnection] thread 14: received class org.gradle.launcher.daemon.protocol.CloseInput
23:07:39.610 [DEBUG] [org.gradle.launcher.daemon.server.DefaultDaemonConnection] thread 14: Received IO message from client: org.gradle.launcher.daemon.protocol.CloseInput@6726fbe3
23:07:39.627 [DEBUG] [org.gradle.launcher.daemon.server.exec.LogToClient] About to start relaying all logs to the client via the connection.
23:07:39.638 [INFO] [org.gradle.launcher.daemon.server.exec.LogToClient] The client will now receive all logging from the daemon (pid: 28). The daemon log file: /app/cache/daemon/4.5.1/daemon-28.out.log
23:07:39.650 [INFO] [org.gradle.launcher.daemon.server.exec.LogAndCheckHealth] Starting build in new daemon [memory: 954.7 MB]
23:07:39.665 [INFO] [org.gradle.launcher.daemon.server.exec.ForwardClientInput] Closing daemon's stdin at end of input.
23:07:39.667 [INFO] [org.gradle.launcher.daemon.server.exec.ForwardClientInput] The daemon will no longer process any standard input.
23:07:39.676 [DEBUG] [org.gradle.launcher.daemon.server.exec.ExecuteBuild] The daemon has started executing the build.
23:07:39.687 [DEBUG] [org.gradle.launcher.daemon.server.exec.ExecuteBuild] Executing build with daemon context: DefaultDaemonContext[uid=3d9cbc79-bd22-48dc-8c13-f78ab3f69f2e,javaHome=/opt/jdk1.8.0_172,daemonRegistryDir=/app/cache/daemon,pid=28,idleTimeout=10800000,daemonOpts=-XX:+HeapDumpOnOutOfMemoryError,-Xmx1024m,-Dfile.encoding=UTF-8,-Duser.country,-Duser.language=en,-Duser.variant]
:compileJava
:processResources
:classes
:bootRun
2018-05-20 23:08:37.863  INFO 66 --- [           main] s.c.a.AnnotationConfigApplicationContext : Refreshing org.springframework.context.annotation.AnnotationConfigApplicationContext@21de60b4: startup date [Sun May 20 23:08:37 GMT 2018]; root of context hierarchy
2018-05-20 23:08:41.723  INFO 66 --- [           main] f.a.AutowiredAnnotationBeanPostProcessor : JSR-330 'javax.inject.Inject' annotation found and supported for autowiring
2018-05-20 23:08:42.620  INFO 66 --- [           main] trationDelegate$BeanPostProcessorChecker : Bean 'configurationPropertiesRebinderAutoConfiguration' of type [org.springframework.cloud.autoconfigure.ConfigurationPropertiesRebinderAutoConfiguration$$EnhancerBySpringCGLIB$$db6684ed] is not eligible for getting processed by all BeanPostProcessors (for example: not eligible for auto-proxying)

  .   ____          _            __ _ _
 /\\ / ___'_ __ _ _(_)_ __  __ _ \ \ \ \
( ( )\___ | '_ | '_| | '_ \/ _` | \ \ \ \
 \\/  ___)| |_)| | | | | || (_| |  ) ) ) )
  '  |____| .__|_| |_|_| |_\__, | / / / /
 =========|_|==============|___/=/_/_/_/
[32m :: Spring Boot :: [39m      [2m (v1.5.8.RELEASE)[0;39m

[2m2018-05-20 23:08:46.845[0;39m [32m INFO[0;39m [35m66[0;39m [2m---[0;39m [2m[           main][0;39m [36mc.e.apigateway.ZuulGatewayApplication   [0;39m [2m:[0;39m The following profiles are active: dev
[2m2018-05-20 23:08:47.092[0;39m [32m INFO[0;39m [35m66[0;39m [2m---[0;39m [2m[           main][0;39m [36mationConfigEmbeddedWebApplicationContext[0;39m [2m:[0;39m Refreshing org.springframework.boot.context.embedded.AnnotationConfigEmbeddedWebApplicationContext@5812f68b: startup date [Sun May 20 23:08:47 GMT 2018]; parent: org.springframework.context.annotation.AnnotationConfigApplicationContext@21de60b4
[2m2018-05-20 23:08:54.739[0;39m [32m INFO[0;39m [35m66[0;39m [2m---[0;39m [2m[           main][0;39m [36mo.s.b.f.s.DefaultListableBeanFactory    [0;39m [2m:[0;39m Overriding bean definition for bean 'counterFactory' with a different definition: replacing [Root bean: class [null]; scope=; abstract=false; lazyInit=false; autowireMode=3; dependencyCheck=0; autowireCandidate=true; primary=false; factoryBeanName=org.springframework.cloud.netflix.zuul.ZuulServerAutoConfiguration$ZuulMetricsConfiguration; factoryMethodName=counterFactory; initMethodName=null; destroyMethodName=(inferred); defined in class path resource [org/springframework/cloud/netflix/zuul/ZuulServerAutoConfiguration$ZuulMetricsConfiguration.class]] with [Root bean: class [null]; scope=; abstract=false; lazyInit=false; autowireMode=3; dependencyCheck=0; autowireCandidate=true; primary=false; factoryBeanName=org.springframework.cloud.netflix.zuul.ZuulServerAutoConfiguration$ZuulCounterFactoryConfiguration; factoryMethodName=counterFactory; initMethodName=null; destroyMethodName=(inferred); defined in class path resource [org/springframework/cloud/netflix/zuul/ZuulServerAutoConfiguration$ZuulCounterFactoryConfiguration.class]]
[2m2018-05-20 23:08:56.584[0;39m [32m INFO[0;39m [35m66[0;39m [2m---[0;39m [2m[           main][0;39m [36mo.s.cloud.context.scope.GenericScope    [0;39m [2m:[0;39m BeanFactory id=0b8c75a2-4170-3528-8322-bed24cdeb164
[2m2018-05-20 23:08:56.711[0;39m [32m INFO[0;39m [35m66[0;39m [2m---[0;39m [2m[           main][0;39m [36mf.a.AutowiredAnnotationBeanPostProcessor[0;39m [2m:[0;39m JSR-330 'javax.inject.Inject' annotation found and supported for autowiring
[2m2018-05-20 23:08:57.706[0;39m [32m INFO[0;39m [35m66[0;39m [2m---[0;39m [2m[           main][0;39m [36mtrationDelegate$BeanPostProcessorChecker[0;39m [2m:[0;39m Bean 'org.springframework.cloud.netflix.metrics.MetricsInterceptorConfiguration$MetricsRestTemplateConfiguration' of type [org.springframework.cloud.netflix.metrics.MetricsInterceptorConfiguration$MetricsRestTemplateConfiguration$$EnhancerBySpringCGLIB$$f1792831] is not eligible for getting processed by all BeanPostProcessors (for example: not eligible for auto-proxying)
[2m2018-05-20 23:08:58.690[0;39m [32m INFO[0;39m [35m66[0;39m [2m---[0;39m [2m[           main][0;39m [36mtrationDelegate$BeanPostProcessorChecker[0;39m [2m:[0;39m Bean 'org.springframework.cloud.autoconfigure.ConfigurationPropertiesRebinderAutoConfiguration' of type [org.springframework.cloud.autoconfigure.ConfigurationPropertiesRebinderAutoConfiguration$$EnhancerBySpringCGLIB$$db6684ed] is not eligible for getting processed by all BeanPostProcessors (for example: not eligible for auto-proxying)
[2m2018-05-20 23:09:03.681[0;39m [32m INFO[0;39m [35m66[0;39m [2m---[0;39m [2m[           main][0;39m [36ms.b.c.e.t.TomcatEmbeddedServletContainer[0;39m [2m:[0;39m Tomcat initialized with port(s): 8080 (http)
[2m2018-05-20 23:09:03.772[0;39m [32m INFO[0;39m [35m66[0;39m [2m---[0;39m [2m[           main][0;39m [36mo.apache.catalina.core.StandardService  [0;39m [2m:[0;39m Starting service [Tomcat]
[2m2018-05-20 23:09:03.786[0;39m [32m INFO[0;39m [35m66[0;39m [2m---[0;39m [2m[           main][0;39m [36morg.apache.catalina.core.StandardEngine [0;39m [2m:[0;39m Starting Servlet Engine: Apache Tomcat/8.5.23
[2m2018-05-20 23:09:06.347[0;39m [32m INFO[0;39m [35m66[0;39m [2m---[0;39m [2m[ost-startStop-1][0;39m [36mo.a.c.c.C.[Tomcat].[localhost].[/]      [0;39m [2m:[0;39m Initializing Spring embedded WebApplicationContext
[2m2018-05-20 23:09:06.348[0;39m [32m INFO[0;39m [35m66[0;39m [2m---[0;39m [2m[ost-startStop-1][0;39m [36mo.s.web.context.ContextLoader           [0;39m [2m:[0;39m Root WebApplicationContext: initialization completed in 19257 ms
[2m2018-05-20 23:09:13.852[0;39m [32m INFO[0;39m [35m66[0;39m [2m---[0;39m [2m[ost-startStop-1][0;39m [36mo.s.b.w.servlet.ServletRegistrationBean [0;39m [2m:[0;39m Mapping servlet: 'dispatcherServlet' to [/]
[2m2018-05-20 23:09:13.878[0;39m [32m INFO[0;39m [35m66[0;39m [2m---[0;39m [2m[ost-startStop-1][0;39m [36mo.s.b.w.servlet.ServletRegistrationBean [0;39m [2m:[0;39m Mapping servlet: 'zuulServlet' to [/zuul/*]
[2m2018-05-20 23:09:13.910[0;39m [32m INFO[0;39m [35m66[0;39m [2m---[0;39m [2m[ost-startStop-1][0;39m [36mo.s.b.w.servlet.FilterRegistrationBean  [0;39m [2m:[0;39m Mapping filter: 'metricsFilter' to: [/*]
[2m2018-05-20 23:09:13.911[0;39m [32m INFO[0;39m [35m66[0;39m [2m---[0;39m [2m[ost-startStop-1][0;39m [36mo.s.b.w.servlet.FilterRegistrationBean  [0;39m [2m:[0;39m Mapping filter: 'characterEncodingFilter' to: [/*]
[2m2018-05-20 23:09:13.912[0;39m [32m INFO[0;39m [35m66[0;39m [2m---[0;39m [2m[ost-startStop-1][0;39m [36mo.s.b.w.servlet.FilterRegistrationBean  [0;39m [2m:[0;39m Mapping filter: 'hiddenHttpMethodFilter' to: [/*]
[2m2018-05-20 23:09:13.913[0;39m [32m INFO[0;39m [35m66[0;39m [2m---[0;39m [2m[ost-startStop-1][0;39m [36mo.s.b.w.servlet.FilterRegistrationBean  [0;39m [2m:[0;39m Mapping filter: 'httpPutFormContentFilter' to: [/*]
[2m2018-05-20 23:09:13.913[0;39m [32m INFO[0;39m [35m66[0;39m [2m---[0;39m [2m[ost-startStop-1][0;39m [36mo.s.b.w.servlet.FilterRegistrationBean  [0;39m [2m:[0;39m Mapping filter: 'requestContextFilter' to: [/*]
[2m2018-05-20 23:09:13.913[0;39m [32m INFO[0;39m [35m66[0;39m [2m---[0;39m [2m[ost-startStop-1][0;39m [36mo.s.b.w.servlet.FilterRegistrationBean  [0;39m [2m:[0;39m Mapping filter: 'webRequestLoggingFilter' to: [/*]
[2m2018-05-20 23:09:13.913[0;39m [32m INFO[0;39m [35m66[0;39m [2m---[0;39m [2m[ost-startStop-1][0;39m [36mo.s.b.w.servlet.FilterRegistrationBean  [0;39m [2m:[0;39m Mapping filter: 'applicationContextIdFilter' to: [/*]
[2m2018-05-20 23:09:14.843[0;39m [33m WARN[0;39m [35m66[0;39m [2m---[0;39m [2m[           main][0;39m [36mc.n.c.sources.URLConfigurationSource    [0;39m [2m:[0;39m No URLs will be polled as dynamic configuration sources.
[2m2018-05-20 23:09:14.843[0;39m [32m INFO[0;39m [35m66[0;39m [2m---[0;39m [2m[           main][0;39m [36mc.n.c.sources.URLConfigurationSource    [0;39m [2m:[0;39m To enable URLs as dynamic configuration sources, define System property archaius.configurationSource.additionalUrls or make config.properties available on classpath.
[2m2018-05-20 23:09:14.932[0;39m [32m INFO[0;39m [35m66[0;39m [2m---[0;39m [2m[           main][0;39m [36mc.netflix.config.DynamicPropertyFactory [0;39m [2m:[0;39m DynamicPropertyFactory is initialized with configuration sources: com.netflix.config.ConcurrentCompositeConfiguration@1aad0b1
[2m2018-05-20 23:09:18.675[0;39m [33m WARN[0;39m [35m66[0;39m [2m---[0;39m [2m[           main][0;39m [36mc.n.c.sources.URLConfigurationSource    [0;39m [2m:[0;39m No URLs will be polled as dynamic configuration sources.
[2m2018-05-20 23:09:18.676[0;39m [32m INFO[0;39m [35m66[0;39m [2m---[0;39m [2m[           main][0;39m [36mc.n.c.sources.URLConfigurationSource    [0;39m [2m:[0;39m To enable URLs as dynamic configuration sources, define System property archaius.configurationSource.additionalUrls or make config.properties available on classpath.
[2m2018-05-20 23:09:21.883[0;39m [32m INFO[0;39m [35m66[0;39m [2m---[0;39m [2m[           main][0;39m [36ms.w.s.m.m.a.RequestMappingHandlerAdapter[0;39m [2m:[0;39m Looking for @ControllerAdvice: org.springframework.boot.context.embedded.AnnotationConfigEmbeddedWebApplicationContext@5812f68b: startup date [Sun May 20 23:08:47 GMT 2018]; parent: org.springframework.context.annotation.AnnotationConfigApplicationContext@21de60b4
[2m2018-05-20 23:09:23.512[0;39m [32m INFO[0;39m [35m66[0;39m [2m---[0;39m [2m[           main][0;39m [36ms.w.s.m.m.a.RequestMappingHandlerMapping[0;39m [2m:[0;39m Mapped "{[/error],produces=[text/html]}" onto public org.springframework.web.servlet.ModelAndView org.springframework.boot.autoconfigure.web.BasicErrorController.errorHtml(javax.servlet.http.HttpServletRequest,javax.servlet.http.HttpServletResponse)
[2m2018-05-20 23:09:23.513[0;39m [32m INFO[0;39m [35m66[0;39m [2m---[0;39m [2m[           main][0;39m [36ms.w.s.m.m.a.RequestMappingHandlerMapping[0;39m [2m:[0;39m Mapped "{[/error]}" onto public org.springframework.http.ResponseEntity<java.util.Map<java.lang.String, java.lang.Object>> org.springframework.boot.autoconfigure.web.BasicErrorController.error(javax.servlet.http.HttpServletRequest)
[2m2018-05-20 23:09:24.295[0;39m [32m INFO[0;39m [35m66[0;39m [2m---[0;39m [2m[           main][0;39m [36mo.s.w.s.handler.SimpleUrlHandlerMapping [0;39m [2m:[0;39m Mapped URL path [/webjars/**] onto handler of type [class org.springframework.web.servlet.resource.ResourceHttpRequestHandler]
[2m2018-05-20 23:09:24.296[0;39m [32m INFO[0;39m [35m66[0;39m [2m---[0;39m [2m[           main][0;39m [36mo.s.w.s.handler.SimpleUrlHandlerMapping [0;39m [2m:[0;39m Mapped URL path [/**] onto handler of type [class org.springframework.web.servlet.resource.ResourceHttpRequestHandler]
[2m2018-05-20 23:09:25.086[0;39m [32m INFO[0;39m [35m66[0;39m [2m---[0;39m [2m[           main][0;39m [36mo.s.w.s.handler.SimpleUrlHandlerMapping [0;39m [2m:[0;39m Mapped URL path [/**/favicon.ico] onto handler of type [class org.springframework.web.servlet.resource.ResourceHttpRequestHandler]
[2m2018-05-20 23:09:30.941[0;39m [32m INFO[0;39m [35m66[0;39m [2m---[0;39m [2m[           main][0;39m [36mo.s.b.a.e.mvc.EndpointHandlerMapping    [0;39m [2m:[0;39m Mapped "{[/health || /health.json],methods=[GET],produces=[application/vnd.spring-boot.actuator.v1+json || application/json]}" onto public java.lang.Object org.springframework.boot.actuate.endpoint.mvc.HealthMvcEndpoint.invoke(javax.servlet.http.HttpServletRequest,java.security.Principal)
[2m2018-05-20 23:09:30.965[0;39m [32m INFO[0;39m [35m66[0;39m [2m---[0;39m [2m[           main][0;39m [36mo.s.b.a.e.mvc.EndpointHandlerMapping    [0;39m [2m:[0;39m Mapped "{[/routes || /routes.json],methods=[GET],params=[format],produces=[application/vnd.spring-boot.actuator.v1+json || application/json]}" onto public java.lang.Object org.springframework.cloud.netflix.zuul.RoutesMvcEndpoint.invokeRouteDetails(java.lang.String)
[2m2018-05-20 23:09:30.977[0;39m [32m INFO[0;39m [35m66[0;39m [2m---[0;39m [2m[           main][0;39m [36mo.s.b.a.e.mvc.EndpointHandlerMapping    [0;39m [2m:[0;39m Mapped "{[/routes || /routes.json],methods=[POST]}" onto public java.lang.Object org.springframework.cloud.netflix.zuul.RoutesMvcEndpoint.reset()
[2m2018-05-20 23:09:30.986[0;39m [32m INFO[0;39m [35m66[0;39m [2m---[0;39m [2m[           main][0;39m [36mo.s.b.a.e.mvc.EndpointHandlerMapping    [0;39m [2m:[0;39m Mapped "{[/routes || /routes.json],methods=[GET],produces=[application/vnd.spring-boot.actuator.v1+json || application/json]}" onto public java.lang.Object org.springframework.boot.actuate.endpoint.mvc.EndpointMvcAdapter.invoke()
[2m2018-05-20 23:09:31.042[0;39m [32m INFO[0;39m [35m66[0;39m [2m---[0;39m [2m[           main][0;39m [36mo.s.b.a.e.mvc.EndpointHandlerMapping    [0;39m [2m:[0;39m Mapped "{[/loggers/{name:.*}],methods=[GET],produces=[application/vnd.spring-boot.actuator.v1+json || application/json]}" onto public java.lang.Object org.springframework.boot.actuate.endpoint.mvc.LoggersMvcEndpoint.get(java.lang.String)
[2m2018-05-20 23:09:31.048[0;39m [32m INFO[0;39m [35m66[0;39m [2m---[0;39m [2m[           main][0;39m [36mo.s.b.a.e.mvc.EndpointHandlerMapping    [0;39m [2m:[0;39m Mapped "{[/loggers/{name:.*}],methods=[POST],consumes=[application/vnd.spring-boot.actuator.v1+json || application/json],produces=[application/vnd.spring-boot.actuator.v1+json || application/json]}" onto public java.lang.Object org.springframework.boot.actuate.endpoint.mvc.LoggersMvcEndpoint.set(java.lang.String,java.util.Map<java.lang.String, java.lang.String>)
[2m2018-05-20 23:09:31.050[0;39m [32m INFO[0;39m [35m66[0;39m [2m---[0;39m [2m[           main][0;39m [36mo.s.b.a.e.mvc.EndpointHandlerMapping    [0;39m [2m:[0;39m Mapped "{[/loggers || /loggers.json],methods=[GET],produces=[application/vnd.spring-boot.actuator.v1+json || application/json]}" onto public java.lang.Object org.springframework.boot.actuate.endpoint.mvc.EndpointMvcAdapter.invoke()
[2m2018-05-20 23:09:31.092[0;39m [32m INFO[0;39m [35m66[0;39m [2m---[0;39m [2m[           main][0;39m [36mo.s.b.a.e.mvc.EndpointHandlerMapping    [0;39m [2m:[0;39m Mapped "{[/refresh || /refresh.json],methods=[POST]}" onto public java.lang.Object org.springframework.cloud.endpoint.GenericPostableMvcEndpoint.invoke()
[2m2018-05-20 23:09:31.111[0;39m [32m INFO[0;39m [35m66[0;39m [2m---[0;39m [2m[           main][0;39m [36mo.s.b.a.e.mvc.EndpointHandlerMapping    [0;39m [2m:[0;39m Mapped "{[/beans || /beans.json],methods=[GET],produces=[application/vnd.spring-boot.actuator.v1+json || application/json]}" onto public java.lang.Object org.springframework.boot.actuate.endpoint.mvc.EndpointMvcAdapter.invoke()
[2m2018-05-20 23:09:31.121[0;39m [32m INFO[0;39m [35m66[0;39m [2m---[0;39m [2m[           main][0;39m [36mo.s.b.a.e.mvc.EndpointHandlerMapping    [0;39m [2m:[0;39m Mapped "{[/info || /info.json],methods=[GET],produces=[application/vnd.spring-boot.actuator.v1+json || application/json]}" onto public java.lang.Object org.springframework.boot.actuate.endpoint.mvc.EndpointMvcAdapter.invoke()
[2m2018-05-20 23:09:31.152[0;39m [32m INFO[0;39m [35m66[0;39m [2m---[0;39m [2m[           main][0;39m [36mo.s.b.a.e.mvc.EndpointHandlerMapping    [0;39m [2m:[0;39m Mapped "{[/env/{name:.*}],methods=[GET],produces=[application/vnd.spring-boot.actuator.v1+json || application/json]}" onto public java.lang.Object org.springframework.boot.actuate.endpoint.mvc.EnvironmentMvcEndpoint.value(java.lang.String)
[2m2018-05-20 23:09:31.165[0;39m [32m INFO[0;39m [35m66[0;39m [2m---[0;39m [2m[           main][0;39m [36mo.s.b.a.e.mvc.EndpointHandlerMapping    [0;39m [2m:[0;39m Mapped "{[/env || /env.json],methods=[GET],produces=[application/vnd.spring-boot.actuator.v1+json || application/json]}" onto public java.lang.Object org.springframework.boot.actuate.endpoint.mvc.EndpointMvcAdapter.invoke()
[2m2018-05-20 23:09:31.173[0;39m [32m INFO[0;39m [35m66[0;39m [2m---[0;39m [2m[           main][0;39m [36mo.s.b.a.e.mvc.EndpointHandlerMapping    [0;39m [2m:[0;39m Mapped "{[/metrics/{name:.*}],methods=[GET],produces=[application/vnd.spring-boot.actuator.v1+json || application/json]}" onto public java.lang.Object org.springframework.boot.actuate.endpoint.mvc.MetricsMvcEndpoint.value(java.lang.String)
[2m2018-05-20 23:09:31.195[0;39m [32m INFO[0;39m [35m66[0;39m [2m---[0;39m [2m[           main][0;39m [36mo.s.b.a.e.mvc.EndpointHandlerMapping    [0;39m [2m:[0;39m Mapped "{[/metrics || /metrics.json],methods=[GET],produces=[application/vnd.spring-boot.actuator.v1+json || application/json]}" onto public java.lang.Object org.springframework.boot.actuate.endpoint.mvc.EndpointMvcAdapter.invoke()
[2m2018-05-20 23:09:31.219[0;39m [32m INFO[0;39m [35m66[0;39m [2m---[0;39m [2m[           main][0;39m [36mo.s.b.a.e.mvc.EndpointHandlerMapping    [0;39m [2m:[0;39m Mapped "{[/configprops || /configprops.json],methods=[GET],produces=[application/vnd.spring-boot.actuator.v1+json || application/json]}" onto public java.lang.Object org.springframework.boot.actuate.endpoint.mvc.EndpointMvcAdapter.invoke()
[2m2018-05-20 23:09:31.226[0;39m [32m INFO[0;39m [35m66[0;39m [2m---[0;39m [2m[           main][0;39m [36mo.s.b.a.e.mvc.EndpointHandlerMapping    [0;39m [2m:[0;39m Mapped "{[/hystrix.stream/**]}" onto public org.springframework.web.servlet.ModelAndView org.springframework.cloud.netflix.endpoint.ServletWrappingEndpoint.handle(javax.servlet.http.HttpServletRequest,javax.servlet.http.HttpServletResponse) throws java.lang.Exception
[2m2018-05-20 23:09:31.247[0;39m [32m INFO[0;39m [35m66[0;39m [2m---[0;39m [2m[           main][0;39m [36mo.s.b.a.e.mvc.EndpointHandlerMapping    [0;39m [2m:[0;39m Mapped "{[/features || /features.json],methods=[GET],produces=[application/vnd.spring-boot.actuator.v1+json || application/json]}" onto public java.lang.Object org.springframework.boot.actuate.endpoint.mvc.EndpointMvcAdapter.invoke()
[2m2018-05-20 23:09:31.269[0;39m [32m INFO[0;39m [35m66[0;39m [2m---[0;39m [2m[           main][0;39m [36mo.s.b.a.e.mvc.EndpointHandlerMapping    [0;39m [2m:[0;39m Mapped "{[/service-registry/instance-status],methods=[POST]}" onto public org.springframework.http.ResponseEntity<?> org.springframework.cloud.client.serviceregistry.endpoint.ServiceRegistryEndpoint.setStatus(java.lang.String)
[2m2018-05-20 23:09:31.277[0;39m [32m INFO[0;39m [35m66[0;39m [2m---[0;39m [2m[           main][0;39m [36mo.s.b.a.e.mvc.EndpointHandlerMapping    [0;39m [2m:[0;39m Mapped "{[/service-registry/instance-status],methods=[GET]}" onto public org.springframework.http.ResponseEntity org.springframework.cloud.client.serviceregistry.endpoint.ServiceRegistryEndpoint.getStatus()
[2m2018-05-20 23:09:31.303[0;39m [32m INFO[0;39m [35m66[0;39m [2m---[0;39m [2m[           main][0;39m [36mo.s.b.a.e.mvc.EndpointHandlerMapping    [0;39m [2m:[0;39m Mapped "{[/auditevents || /auditevents.json],methods=[GET],produces=[application/vnd.spring-boot.actuator.v1+json || application/json]}" onto public org.springframework.http.ResponseEntity<?> org.springframework.boot.actuate.endpoint.mvc.AuditEventsMvcEndpoint.findByPrincipalAndAfterAndType(java.lang.String,java.util.Date,java.lang.String)
[2m2018-05-20 23:09:31.331[0;39m [32m INFO[0;39m [35m66[0;39m [2m---[0;39m [2m[           main][0;39m [36mo.s.b.a.e.mvc.EndpointHandlerMapping    [0;39m [2m:[0;39m Mapped "{[/archaius || /archaius.json],methods=[GET],produces=[application/vnd.spring-boot.actuator.v1+json || application/json]}" onto public java.lang.Object org.springframework.boot.actuate.endpoint.mvc.EndpointMvcAdapter.invoke()
[2m2018-05-20 23:09:31.349[0;39m [32m INFO[0;39m [35m66[0;39m [2m---[0;39m [2m[           main][0;39m [36mo.s.b.a.e.mvc.EndpointHandlerMapping    [0;39m [2m:[0;39m Mapped "{[/trace || /trace.json],methods=[GET],produces=[application/vnd.spring-boot.actuator.v1+json || application/json]}" onto public java.lang.Object org.springframework.boot.actuate.endpoint.mvc.EndpointMvcAdapter.invoke()
[2m2018-05-20 23:09:31.385[0;39m [32m INFO[0;39m [35m66[0;39m [2m---[0;39m [2m[           main][0;39m [36mo.s.b.a.e.mvc.EndpointHandlerMapping    [0;39m [2m:[0;39m Mapped "{[/env],methods=[POST]}" onto public java.lang.Object org.springframework.cloud.context.environment.EnvironmentManagerMvcEndpoint.value(java.util.Map<java.lang.String, java.lang.String>)
[2m2018-05-20 23:09:31.398[0;39m [32m INFO[0;39m [35m66[0;39m [2m---[0;39m [2m[           main][0;39m [36mo.s.b.a.e.mvc.EndpointHandlerMapping    [0;39m [2m:[0;39m Mapped "{[/env/reset],methods=[POST]}" onto public java.util.Map<java.lang.String, java.lang.Object> org.springframework.cloud.context.environment.EnvironmentManagerMvcEndpoint.reset()
[2m2018-05-20 23:09:31.421[0;39m [32m INFO[0;39m [35m66[0;39m [2m---[0;39m [2m[           main][0;39m [36mo.s.b.a.e.mvc.EndpointHandlerMapping    [0;39m [2m:[0;39m Mapped "{[/filters || /filters.json],methods=[GET],produces=[application/vnd.spring-boot.actuator.v1+json || application/json]}" onto public java.lang.Object org.springframework.boot.actuate.endpoint.mvc.EndpointMvcAdapter.invoke()
[2m2018-05-20 23:09:31.427[0;39m [32m INFO[0;39m [35m66[0;39m [2m---[0;39m [2m[           main][0;39m [36mo.s.b.a.e.mvc.EndpointHandlerMapping    [0;39m [2m:[0;39m Mapped "{[/dump || /dump.json],methods=[GET],produces=[application/vnd.spring-boot.actuator.v1+json || application/json]}" onto public java.lang.Object org.springframework.boot.actuate.endpoint.mvc.EndpointMvcAdapter.invoke()
[2m2018-05-20 23:09:31.432[0;39m [32m INFO[0;39m [35m66[0;39m [2m---[0;39m [2m[           main][0;39m [36mo.s.b.a.e.mvc.EndpointHandlerMapping    [0;39m [2m:[0;39m Mapped "{[/autoconfig || /autoconfig.json],methods=[GET],produces=[application/vnd.spring-boot.actuator.v1+json || application/json]}" onto public java.lang.Object org.springframework.boot.actuate.endpoint.mvc.EndpointMvcAdapter.invoke()
[2m2018-05-20 23:09:31.453[0;39m [32m INFO[0;39m [35m66[0;39m [2m---[0;39m [2m[           main][0;39m [36mo.s.b.a.e.mvc.EndpointHandlerMapping    [0;39m [2m:[0;39m Mapped "{[/mappings || /mappings.json],methods=[GET],produces=[application/vnd.spring-boot.actuator.v1+json || application/json]}" onto public java.lang.Object org.springframework.boot.actuate.endpoint.mvc.EndpointMvcAdapter.invoke()
[2m2018-05-20 23:09:31.470[0;39m [32m INFO[0;39m [35m66[0;39m [2m---[0;39m [2m[           main][0;39m [36mo.s.b.a.e.mvc.EndpointHandlerMapping    [0;39m [2m:[0;39m Mapped "{[/heapdump || /heapdump.json],methods=[GET],produces=[application/octet-stream]}" onto public void org.springframework.boot.actuate.endpoint.mvc.HeapdumpMvcEndpoint.invoke(boolean,javax.servlet.http.HttpServletRequest,javax.servlet.http.HttpServletResponse) throws java.io.IOException,javax.servlet.ServletException
[2m2018-05-20 23:09:35.318[0;39m [32m INFO[0;39m [35m66[0;39m [2m---[0;39m [2m[           main][0;39m [36mo.s.c.n.zuul.ZuulFilterInitializer      [0;39m [2m:[0;39m Starting filter initializer
[2m2018-05-20 23:09:35.433[0;39m [33m WARN[0;39m [35m66[0;39m [2m---[0;39m [2m[           main][0;39m [36marterDeprecationWarningAutoConfiguration[0;39m [2m:[0;39m spring-cloud-starter-eureka is deprecated as of Spring Cloud Netflix 1.4.0, please migrate to spring-cloud-starter-netflix-eureka
[2m2018-05-20 23:09:35.726[0;39m [32m INFO[0;39m [35m66[0;39m [2m---[0;39m [2m[           main][0;39m [36mo.s.j.e.a.AnnotationMBeanExporter       [0;39m [2m:[0;39m Registering beans for JMX exposure on startup
[2m2018-05-20 23:09:35.780[0;39m [32m INFO[0;39m [35m66[0;39m [2m---[0;39m [2m[           main][0;39m [36mo.s.j.e.a.AnnotationMBeanExporter       [0;39m [2m:[0;39m Bean with name 'environmentManager' has been autodetected for JMX exposure
[2m2018-05-20 23:09:35.785[0;39m [32m INFO[0;39m [35m66[0;39m [2m---[0;39m [2m[           main][0;39m [36mo.s.j.e.a.AnnotationMBeanExporter       [0;39m [2m:[0;39m Bean with name 'configurationPropertiesRebinder' has been autodetected for JMX exposure
[2m2018-05-20 23:09:35.799[0;39m [32m INFO[0;39m [35m66[0;39m [2m---[0;39m [2m[           main][0;39m [36mo.s.j.e.a.AnnotationMBeanExporter       [0;39m [2m:[0;39m Bean with name 'refreshEndpoint' has been autodetected for JMX exposure
[2m2018-05-20 23:09:35.801[0;39m [32m INFO[0;39m [35m66[0;39m [2m---[0;39m [2m[           main][0;39m [36mo.s.j.e.a.AnnotationMBeanExporter       [0;39m [2m:[0;39m Bean with name 'serviceRegistryEndpoint' has been autodetected for JMX exposure
[2m2018-05-20 23:09:35.803[0;39m [32m INFO[0;39m [35m66[0;39m [2m---[0;39m [2m[           main][0;39m [36mo.s.j.e.a.AnnotationMBeanExporter       [0;39m [2m:[0;39m Bean with name 'routesEndpoint' has been autodetected for JMX exposure
[2m2018-05-20 23:09:35.819[0;39m [32m INFO[0;39m [35m66[0;39m [2m---[0;39m [2m[           main][0;39m [36mo.s.j.e.a.AnnotationMBeanExporter       [0;39m [2m:[0;39m Bean with name 'routesMvcEndpoint' has been autodetected for JMX exposure
[2m2018-05-20 23:09:35.820[0;39m [32m INFO[0;39m [35m66[0;39m [2m---[0;39m [2m[           main][0;39m [36mo.s.j.e.a.AnnotationMBeanExporter       [0;39m [2m:[0;39m Bean with name 'filtersEndpoint' has been autodetected for JMX exposure
[2m2018-05-20 23:09:35.835[0;39m [32m INFO[0;39m [35m66[0;39m [2m---[0;39m [2m[           main][0;39m [36mo.s.j.e.a.AnnotationMBeanExporter       [0;39m [2m:[0;39m Bean with name 'refreshScope' has been autodetected for JMX exposure
[2m2018-05-20 23:09:35.852[0;39m [32m INFO[0;39m [35m66[0;39m [2m---[0;39m [2m[           main][0;39m [36mo.s.j.e.a.AnnotationMBeanExporter       [0;39m [2m:[0;39m Located managed bean 'environmentManager': registering with JMX server as MBean [org.springframework.cloud.context.environment:name=environmentManager,type=EnvironmentManager]
[2m2018-05-20 23:09:36.055[0;39m [32m INFO[0;39m [35m66[0;39m [2m---[0;39m [2m[           main][0;39m [36mo.s.j.e.a.AnnotationMBeanExporter       [0;39m [2m:[0;39m Located managed bean 'routesEndpoint': registering with JMX server as MBean [org.springframework.cloud.netflix.zuul:name=routesEndpoint,type=RoutesEndpoint]
[2m2018-05-20 23:09:36.297[0;39m [33m WARN[0;39m [35m66[0;39m [2m---[0;39m [2m[           main][0;39m [36mo.s.j.e.a.AnnotationMBeanExporter       [0;39m [2m:[0;39m Bean with key 'routesEndpoint' has been registered as an MBean but has no exposed attributes or operations
[2m2018-05-20 23:09:36.310[0;39m [32m INFO[0;39m [35m66[0;39m [2m---[0;39m [2m[           main][0;39m [36mo.s.j.e.a.AnnotationMBeanExporter       [0;39m [2m:[0;39m Located managed bean 'routesMvcEndpoint': registering with JMX server as MBean [org.springframework.cloud.netflix.zuul:name=routesMvcEndpoint,type=RoutesMvcEndpoint]
[2m2018-05-20 23:09:36.419[0;39m [32m INFO[0;39m [35m66[0;39m [2m---[0;39m [2m[           main][0;39m [36mo.s.j.e.a.AnnotationMBeanExporter       [0;39m [2m:[0;39m Located managed bean 'serviceRegistryEndpoint': registering with JMX server as MBean [org.springframework.cloud.client.serviceregistry.endpoint:name=serviceRegistryEndpoint,type=ServiceRegistryEndpoint]
[2m2018-05-20 23:09:36.457[0;39m [32m INFO[0;39m [35m66[0;39m [2m---[0;39m [2m[           main][0;39m [36mo.s.j.e.a.AnnotationMBeanExporter       [0;39m [2m:[0;39m Located managed bean 'filtersEndpoint': registering with JMX server as MBean [org.springframework.cloud.netflix.zuul:name=filtersEndpoint,type=FiltersEndpoint]
[2m2018-05-20 23:09:36.469[0;39m [33m WARN[0;39m [35m66[0;39m [2m---[0;39m [2m[           main][0;39m [36mo.s.j.e.a.AnnotationMBeanExporter       [0;39m [2m:[0;39m Bean with key 'filtersEndpoint' has been registered as an MBean but has no exposed attributes or operations
[2m2018-05-20 23:09:36.476[0;39m [32m INFO[0;39m [35m66[0;39m [2m---[0;39m [2m[           main][0;39m [36mo.s.j.e.a.AnnotationMBeanExporter       [0;39m [2m:[0;39m Located managed bean 'refreshScope': registering with JMX server as MBean [org.springframework.cloud.context.scope.refresh:name=refreshScope,type=RefreshScope]
[2m2018-05-20 23:09:36.559[0;39m [32m INFO[0;39m [35m66[0;39m [2m---[0;39m [2m[           main][0;39m [36mo.s.j.e.a.AnnotationMBeanExporter       [0;39m [2m:[0;39m Located managed bean 'configurationPropertiesRebinder': registering with JMX server as MBean [org.springframework.cloud.context.properties:name=configurationPropertiesRebinder,context=5812f68b,type=ConfigurationPropertiesRebinder]
[2m2018-05-20 23:09:36.609[0;39m [32m INFO[0;39m [35m66[0;39m [2m---[0;39m [2m[           main][0;39m [36mo.s.j.e.a.AnnotationMBeanExporter       [0;39m [2m:[0;39m Located managed bean 'refreshEndpoint': registering with JMX server as MBean [org.springframework.cloud.endpoint:name=refreshEndpoint,type=RefreshEndpoint]
[2m2018-05-20 23:09:37.319[0;39m [32m INFO[0;39m [35m66[0;39m [2m---[0;39m [2m[           main][0;39m [36mo.s.c.support.DefaultLifecycleProcessor [0;39m [2m:[0;39m Starting beans in phase 0
[2m2018-05-20 23:09:37.384[0;39m [32m INFO[0;39m [35m66[0;39m [2m---[0;39m [2m[           main][0;39m [36mo.s.c.n.eureka.InstanceInfoFactory      [0;39m [2m:[0;39m Setting initial instance status as: STARTING
[2m2018-05-20 23:09:37.610[0;39m [32m INFO[0;39m [35m66[0;39m [2m---[0;39m [2m[           main][0;39m [36mcom.netflix.discovery.DiscoveryClient   [0;39m [2m:[0;39m Initializing Eureka in region us-east-1
[2m2018-05-20 23:09:37.918[0;39m [32m INFO[0;39m [35m66[0;39m [2m---[0;39m [2m[           main][0;39m [36mc.n.d.provider.DiscoveryJerseyProvider  [0;39m [2m:[0;39m Using JSON encoding codec LegacyJacksonJson
[2m2018-05-20 23:09:37.918[0;39m [32m INFO[0;39m [35m66[0;39m [2m---[0;39m [2m[           main][0;39m [36mc.n.d.provider.DiscoveryJerseyProvider  [0;39m [2m:[0;39m Using JSON decoding codec LegacyJacksonJson
[2m2018-05-20 23:09:38.401[0;39m [32m INFO[0;39m [35m66[0;39m [2m---[0;39m [2m[           main][0;39m [36mc.n.d.provider.DiscoveryJerseyProvider  [0;39m [2m:[0;39m Using XML encoding codec XStreamXml
[2m2018-05-20 23:09:38.417[0;39m [32m INFO[0;39m [35m66[0;39m [2m---[0;39m [2m[           main][0;39m [36mc.n.d.provider.DiscoveryJerseyProvider  [0;39m [2m:[0;39m Using XML decoding codec XStreamXml
[2m2018-05-20 23:09:39.135[0;39m [32m INFO[0;39m [35m66[0;39m [2m---[0;39m [2m[           main][0;39m [36mc.n.d.s.r.aws.ConfigClusterResolver     [0;39m [2m:[0;39m Resolving eureka endpoints via configuration
[2m2018-05-20 23:09:39.249[0;39m [32m INFO[0;39m [35m66[0;39m [2m---[0;39m [2m[           main][0;39m [36mcom.netflix.discovery.DiscoveryClient   [0;39m [2m:[0;39m Disable delta property : false
[2m2018-05-20 23:09:39.250[0;39m [32m INFO[0;39m [35m66[0;39m [2m---[0;39m [2m[           main][0;39m [36mcom.netflix.discovery.DiscoveryClient   [0;39m [2m:[0;39m Single vip registry refresh property : null
[2m2018-05-20 23:09:39.251[0;39m [32m INFO[0;39m [35m66[0;39m [2m---[0;39m [2m[           main][0;39m [36mcom.netflix.discovery.DiscoveryClient   [0;39m [2m:[0;39m Force full registry fetch : false
[2m2018-05-20 23:09:39.252[0;39m [32m INFO[0;39m [35m66[0;39m [2m---[0;39m [2m[           main][0;39m [36mcom.netflix.discovery.DiscoveryClient   [0;39m [2m:[0;39m Application is null : false
[2m2018-05-20 23:09:39.258[0;39m [32m INFO[0;39m [35m66[0;39m [2m---[0;39m [2m[           main][0;39m [36mcom.netflix.discovery.DiscoveryClient   [0;39m [2m:[0;39m Registered Applications size is zero : true
[2m2018-05-20 23:09:39.259[0;39m [32m INFO[0;39m [35m66[0;39m [2m---[0;39m [2m[           main][0;39m [36mcom.netflix.discovery.DiscoveryClient   [0;39m [2m:[0;39m Application version is -1: true
[2m2018-05-20 23:09:39.260[0;39m [32m INFO[0;39m [35m66[0;39m [2m---[0;39m [2m[           main][0;39m [36mcom.netflix.discovery.DiscoveryClient   [0;39m [2m:[0;39m Getting all instance registry info from the eureka server
[2m2018-05-20 23:09:40.280[0;39m [32m INFO[0;39m [35m66[0;39m [2m---[0;39m [2m[           main][0;39m [36mcom.netflix.discovery.DiscoveryClient   [0;39m [2m:[0;39m The response status is 200
[2m2018-05-20 23:09:40.298[0;39m [32m INFO[0;39m [35m66[0;39m [2m---[0;39m [2m[           main][0;39m [36mcom.netflix.discovery.DiscoveryClient   [0;39m [2m:[0;39m Starting heartbeat executor: renew interval is: 30
[2m2018-05-20 23:09:40.320[0;39m [32m INFO[0;39m [35m66[0;39m [2m---[0;39m [2m[           main][0;39m [36mc.n.discovery.InstanceInfoReplicator    [0;39m [2m:[0;39m InstanceInfoReplicator onDemand update allowed rate per min is 4
[2m2018-05-20 23:09:40.340[0;39m [32m INFO[0;39m [35m66[0;39m [2m---[0;39m [2m[           main][0;39m [36mcom.netflix.discovery.DiscoveryClient   [0;39m [2m:[0;39m Discovery Client initialized at timestamp 1526857780338 with initial instances count: 0
[2m2018-05-20 23:09:40.600[0;39m [32m INFO[0;39m [35m66[0;39m [2m---[0;39m [2m[           main][0;39m [36mo.s.c.n.e.s.EurekaServiceRegistry       [0;39m [2m:[0;39m Registering application api-gateway with eureka with status UP
[2m2018-05-20 23:09:40.611[0;39m [32m INFO[0;39m [35m66[0;39m [2m---[0;39m [2m[           main][0;39m [36mcom.netflix.discovery.DiscoveryClient   [0;39m [2m:[0;39m Saw local status change event StatusChangeEvent [timestamp=1526857780611, current=UP, previous=STARTING]
[2m2018-05-20 23:09:40.623[0;39m [32m INFO[0;39m [35m66[0;39m [2m---[0;39m [2m[nfoReplicator-0][0;39m [36mcom.netflix.discovery.DiscoveryClient   [0;39m [2m:[0;39m DiscoveryClient_API-GATEWAY/7cd2272a849f:api-gateway: registering service...
[2m2018-05-20 23:09:40.924[0;39m [32m INFO[0;39m [35m66[0;39m [2m---[0;39m [2m[           main][0;39m [36mo.s.c.support.DefaultLifecycleProcessor [0;39m [2m:[0;39m Starting beans in phase 2147483647
[2m2018-05-20 23:09:40.958[0;39m [32m INFO[0;39m [35m66[0;39m [2m---[0;39m [2m[           main][0;39m [36mration$HystrixMetricsPollerConfiguration[0;39m [2m:[0;39m Starting poller
[2m2018-05-20 23:09:41.328[0;39m [32m INFO[0;39m [35m66[0;39m [2m---[0;39m [2m[nfoReplicator-0][0;39m [36mcom.netflix.discovery.DiscoveryClient   [0;39m [2m:[0;39m DiscoveryClient_API-GATEWAY/7cd2272a849f:api-gateway - registration status: 204
[2m2018-05-20 23:09:41.352[0;39m [32m INFO[0;39m [35m66[0;39m [2m---[0;39m [2m[           main][0;39m [36ms.b.c.e.t.TomcatEmbeddedServletContainer[0;39m [2m:[0;39m Tomcat started on port(s): 8080 (http)
[2m2018-05-20 23:09:41.357[0;39m [32m INFO[0;39m [35m66[0;39m [2m---[0;39m [2m[           main][0;39m [36m.s.c.n.e.s.EurekaAutoServiceRegistration[0;39m [2m:[0;39m Updating port to 8080
[2m2018-05-20 23:09:41.390[0;39m [32m INFO[0;39m [35m66[0;39m [2m---[0;39m [2m[           main][0;39m [36mc.e.apigateway.ZuulGatewayApplication   [0;39m [2m:[0;39m Started ZuulGatewayApplication in 67.963 seconds (JVM running for 72.921)
[2m2018-05-20 23:10:10.295[0;39m [32m INFO[0;39m [35m66[0;39m [2m---[0;39m [2m[freshExecutor-0][0;39m [36mcom.netflix.discovery.DiscoveryClient   [0;39m [2m:[0;39m Disable delta property : false
[2m2018-05-20 23:10:10.295[0;39m [32m INFO[0;39m [35m66[0;39m [2m---[0;39m [2m[freshExecutor-0][0;39m [36mcom.netflix.discovery.DiscoveryClient   [0;39m [2m:[0;39m Single vip registry refresh property : null
[2m2018-05-20 23:10:10.296[0;39m [32m INFO[0;39m [35m66[0;39m [2m---[0;39m [2m[freshExecutor-0][0;39m [36mcom.netflix.discovery.DiscoveryClient   [0;39m [2m:[0;39m Force full registry fetch : false
[2m2018-05-20 23:10:10.296[0;39m [32m INFO[0;39m [35m66[0;39m [2m---[0;39m [2m[freshExecutor-0][0;39m [36mcom.netflix.discovery.DiscoveryClient   [0;39m [2m:[0;39m Application is null : false
[2m2018-05-20 23:10:10.297[0;39m [32m INFO[0;39m [35m66[0;39m [2m---[0;39m [2m[freshExecutor-0][0;39m [36mcom.netflix.discovery.DiscoveryClient   [0;39m [2m:[0;39m Registered Applications size is zero : true
[2m2018-05-20 23:10:10.297[0;39m [32m INFO[0;39m [35m66[0;39m [2m---[0;39m [2m[freshExecutor-0][0;39m [36mcom.netflix.discovery.DiscoveryClient   [0;39m [2m:[0;39m Application version is -1: false
[2m2018-05-20 23:10:10.297[0;39m [32m INFO[0;39m [35m66[0;39m [2m---[0;39m [2m[freshExecutor-0][0;39m [36mcom.netflix.discovery.DiscoveryClient   [0;39m [2m:[0;39m Getting all instance registry info from the eureka server
[2m2018-05-20 23:10:10.377[0;39m [32m INFO[0;39m [35m66[0;39m [2m---[0;39m [2m[freshExecutor-0][0;39m [36mcom.netflix.discovery.DiscoveryClient   [0;39m [2m:[0;39m The response status is 200
